+-------------------------------------------------------------------------------+
|          Home Usage for user [31maomdahl1[0m as of [31mThu Feb 15 09:00:07 2024[0m          |
+--------------------+--------------------+-----------------+-------------------+
|        Used        |       Quota        |     Percent     |       Files       |
+--------------------+--------------------+-----------------+-------------------+
|      15.23 GB      |      50.00 GB      |      30.47%     |      327,231      |
+--------------------+--------------------+-----------------+-------------------+

+--------------------------------------------------------------------------------+
|            Usage for Group [31mabattle4:[0m as of [31mThu Feb 15 09:30:13 2024[0m            |
+-----------+----------+-----------+--------+------------+-------------+---------+
|     FS    |   Used   |   Quota   | Used % |   Files    | Files Quota | Files % |
+-----------+----------+-----------+--------+------------+-------------+---------+
|    data   | 76.10 TB | 100.00 TB | 76.00% | 15,855,042 |  40,960,000 |  38.00% |
|  scratch4 | 7.47 GB  |  10.00 TB |   0%   |  122,462   |  1,048,576  |  11.00% |
| scratch16 | 97.53 TB | 100.00 TB | 97.00% | 9,533,081  |  10,485,760 |  90.00% |
+-----------+----------+-----------+--------+------------+-------------+---------+

+--------------------------------------------------------------------------------+
|          Usage for Group [31mbattle-mccoy:[0m as of [31mThu Feb 15 09:30:13 2024[0m          |
+----------+------------+----------+--------+-------+--------------+-------------+
|    FS    |    Used    |  Quota   | Used % | Files | Files Quota  |   Files %   |
+----------+------------+----------+--------+-------+--------------+-------------+
|   data   | 241.52 GB  | 1.00 TB  | 23.00% |   14  |   409,600    |      0%     |
| scratch4 |  6.67 TB   | 10.00 TB | 66.00% | 3,350 |  1,048,576   |      0%     |
+----------+------------+----------+--------+-------+--------------+-------------+

slurmstepd: error: *** JOB 9339515 ON sr07 CANCELLED AT 2024-02-15T16:33:23 DUE TO TIME LIMIT ***
